Test User Credentials
UserName: dpdemo@dropshie.com
Pass: f6e11181524e4a609bcda51b29c86747


headers for http request
"Accept": "application/json"
"Accept-Encoding": "gzip, deflate"

{BASE_URL}: http://live.torpec.com

{LOGIN_URL}/api/v1/Account/CopyPasteLogin

{FULL_URL}: http://live.torpec.com/api/v1/Account/CopyPasteLogin

* The appid for the extention must be "CopyPaste"
--Request
{
  "username": "USERNAME",
  "password": "PASSWORD",
  "appid": "CopyPaste",
  "installationId": "THE ID from chrome"
}

--ERROR
{
  "hasError": true,
  "appid": "dropshie_paste",
  "errorType": "invalid_grant",
  "message": "The user name or password is incorrect.",
  "url": "https://dropshie.com";
  "allowed": false
}

--ERROR
{
  "hasError": true,
  "appid": "dropshie_paste",
  "errorType": "account_limitation",
  "message": "You cannot access this application because your account does not support it. For more information follow the following link",
  "url": "https://dropshie.com",
  "allowed": false
}

* The .issued and .expires fields can be ignored. You can use the expire_date for the expiration.
--OK
{
  "userName": "Test2@example.com",
  "access_token": "orWdM6xy8KFvbKzU5ZBJe9QMFc8HuxHAPpvxcbVtJkHyfvi9c2pmL6p2WRNDMPjU6YM9OmTv3UPbpwkcNQ",
  "token_type": "bearer",
  "expires_in": 25920000,
  ".issued": "Πεμ, 21 Σεπ 2017 14:04:15 GMT",
  ".expires": "Τετ, 18 Ιουλ 2018 14:04:15 GMT",
  "expire_date": "2018-07-18T14:04:15Z"
}


{VALIDATE_URL}: /api/v1/Account/ValidateToken

headers for http request 
"Accept": "application/json"
"Accept-Encoding": "gzip, deflate"
"Authorization", "Bearer " + "orWdM6xy8KFvbKzU5ZBJe9QMFc8HuxHAPpvxcbVtJkHyfvi9c2pmL6p2WRNDMPjU6YM9OmTv3UPbpwkcNQ"

* please note the empty space in "Bearer " is not a typo.
-- Request
{
  "appid: "CopyPaste"
}


--ERROR
{
  "appid": "CopyPaste",
  "url": "https://dropshie.com",
  "allowed": false,
  "message": "You cannot access this application because your account does not support it. For more information follow the following link"
}

--OK
{
  "appid": "CopyPaste",
  "url": "https://dropshie.com",
  "allowed": true
}


--------------
SellingHistory
--------------
At https://livetest.dropshie.com/App/sellinghistory the sellig history grid exists.
At this page a js file is loaded, the SellingHistory.js.
There exists an object, the var CurrentDataChangeEvent = {};
You could overide this object that contains a function FireEvent().
Inside this function the extention can be informed that the data inside the grid has changed.
You can take the data from the CurrentGridData object witch is an array.

I would strongly suggest using this over scraping.

CurrentGridData
[…]​
0: Object { Id: "f1e9330b-776e-45e1-9807-c76fe41444a2", Title: "FIND Men's 4 Pack Waffle Texture Socks", Buyer: "Panagiotis Karadimou", … }
1: {…}​​
Buyer: "Nikos Nikolaou"
​​BuyerAddress: "Kai Auti dipla ston dromo"
​​DateSold: Date 2018-04-17T02:32:25.950Z
​​DateSoldStr: "3 hours ago"
​​Id: "8cd4a837-067d-4934-bd6d-ca239ef7c360"
​​ImageUrl: ""
​​NetProfit: 8.5
​​QtySold: 1
​​SoldPrice: 20
​​SourceId: "B074C9TGFT"
​​SourceLink: "https://www.amazon.co.uk/gp/product/B074C9TGFT"
​​SourceName: "amazon.co.uk"
​​SourcePrice: 10
​​Target: "ebay.co.uk"
​​TargetId: "110269107145"
​​TargetLink: "http://cgi.sandbox.ebay.co.uk/110269107145"
​​Title: "FIND Men's 4 Pack Waffle Texture Socks"
